<?xml version="1.0" encoding="UTF-8"?>
<coverage generated="1762596423264" clover="3.2.0">
  <project timestamp="1762596423265" name="All files">
    <metrics statements="3" coveredstatements="3" conditionals="5" coveredconditionals="5" methods="1" coveredmethods="1" elements="9" coveredelements="9" complexity="0" loc="3" ncloc="3" packages="1" files="1" classes="1"/>
    <file name="Button.jsx" path="/home/mystique/Desktop/testing-and-debugging-ensuring-mern-app-reliability-Mystique-cmd/components/Button.jsx">
      <metrics statements="3" coveredstatements="3" conditionals="5" coveredconditionals="5" methods="1" coveredmethods="1"/>
      <line num="4" count="1" type="stmt"/>
      <line num="13" count="1" type="stmt"/>
      <line num="27" count="12" type="stmt"/>
    </file>
  </project>
</coverage>
