{"/home/mystique/Desktop/testing-and-debugging-ensuring-mern-app-reliability-Mystique-cmd/components/Button.jsx": {"path":"/home/mystique/Desktop/testing-and-debugging-ensuring-mern-app-reliability-Mystique-cmd/components/Button.jsx","statementMap":{"0":{"start":{"line":4,"column":23},"end":{"line":11,"column":1}},"1":{"start":{"line":13,"column":20},"end":{"line":17,"column":1}},"2":{"start":{"line":27,"column":4},"end":{"line":42,"column":6}}},"fnMap":{"0":{"name":"Button","decl":{"start":{"line":19,"column":24},"end":{"line":19,"column":30}},"loc":{"start":{"line":26,"column":34},"end":{"line":43,"column":1}},"line":26}},"branchMap":{"0":{"loc":{"start":{"line":21,"column":35},"end":{"line":21,"column":54}},"type":"default-arg","locations":[{"start":{"line":21,"column":45},"end":{"line":21,"column":54}}],"line":21},"1":{"loc":{"start":{"line":22,"column":35},"end":{"line":22,"column":46}},"type":"default-arg","locations":[{"start":{"line":22,"column":42},"end":{"line":22,"column":46}}],"line":22},"2":{"loc":{"start":{"line":24,"column":35},"end":{"line":24,"column":51}},"type":"default-arg","locations":[{"start":{"line":24,"column":46},"end":{"line":24,"column":51}}],"line":24},"3":{"loc":{"start":{"line":35,"column":16},"end":{"line":35,"column":42}},"type":"binary-expr","locations":[{"start":{"line":35,"column":16},"end":{"line":35,"column":24}},{"start":{"line":35,"column":28},"end":{"line":35,"column":42}}],"line":35}},"s":{"0":1,"1":1,"2":12},"f":{"0":12},"b":{"0":[9],"1":[9],"2":[10],"3":[12,2]},"_coverageSchema":"1a1c01bbd47fc00a2c39e90264f33305004495a9","hash":"6cf6ce364217016a61488641b998a3f697c0c3b7"}
}
